<?xml version="1.0" encoding="UTF-8"?>
<!-- Generated by org.testng.reporters.JUnitXMLReporter -->
<testsuite hostname="Vinoths-MacBook-Pro-4.local" ignored="0" name="Test" tests="2" failures="0" timestamp="2020-02-06T15:16:56 IST" time="0.617" errors="0">
  <testcase name="@BeforeMethod beforeMethod" time="0.036" classname="wdMethods.ProjectMethods">
    <failure type="java.lang.IllegalStateException" message="The driver executable does not exist: /Users/tringapps/Documents/Vinoth/Government/framsworks/PatternObjectModel/./drivers/chromedriver.exe">
      <![CDATA[java.lang.IllegalStateException: The driver executable does not exist: /Users/tringapps/Documents/Vinoth/Government/framsworks/PatternObjectModel/./drivers/chromedriver.exe
at com.google.common.base.Preconditions.checkState(Preconditions.java:518)
at org.openqa.selenium.remote.service.DriverService.checkExecutable(DriverService.java:136)
at org.openqa.selenium.remote.service.DriverService.findExecutable(DriverService.java:131)
at org.openqa.selenium.chrome.ChromeDriverService.access$000(ChromeDriverService.java:32)
at org.openqa.selenium.chrome.ChromeDriverService$Builder.findDefaultExecutable(ChromeDriverService.java:137)
at org.openqa.selenium.remote.service.DriverService$Builder.build(DriverService.java:330)
at org.openqa.selenium.chrome.ChromeDriverService.createDefaultService(ChromeDriverService.java:88)
at org.openqa.selenium.chrome.ChromeDriver.<init>(ChromeDriver.java:124)
at wdMethods.SeMethods.startApp(SeMethods.java:56)
at wdMethods.ProjectMethods.beforeMethod(ProjectMethods.java:35)
at java.util.ArrayList.forEach(ArrayList.java:1257)
... Removed 31 stack frames]]>
    </failure>
  </testcase> <!-- @BeforeMethod beforeMethod -->
  <testcase name="@AfterMethod afterMethod" time="-1.580982411323E9" classname="wdMethods.ProjectMethods">
    <skipped/>
  </testcase> <!-- @AfterMethod afterMethod -->
  <testcase name="@BeforeMethod beforeMethod" time="-1.580982411326E9" classname="wdMethods.ProjectMethods">
    <skipped/>
  </testcase> <!-- @BeforeMethod beforeMethod -->
  <testcase name="@AfterMethod afterMethod" time="-1.580982411331E9" classname="wdMethods.ProjectMethods">
    <skipped/>
  </testcase> <!-- @AfterMethod afterMethod -->
  <testcase name="loginFail" time="0.0" classname="testcases.TC002_LogInFailer">
    <skipped/>
  </testcase> <!-- loginFail -->
  <testcase name="loginFail" time="0.0" classname="testcases.TC002_LogInFailer">
    <skipped/>
  </testcase> <!-- loginFail -->
</testsuite> <!-- Test -->
